c:\emergent\host-new_qt\esdk\tools\multistream\x64\release\vc143.pdb
c:\emergent\host-new_qt\esdk\tools\multistream\x64\release\ptp.obj
c:\emergent\host-new_qt\esdk\tools\multistream\x64\release\parseopts.obj
c:\emergent\host-new_qt\esdk\tools\multistream\x64\release\paramsgetset.obj
c:\emergent\host-new_qt\esdk\tools\multistream\x64\release\multistream.obj
c:\emergent\host-new_qt\esdk\tools\multistream\x64\release\hwtrigger.obj
c:\emergent\host-new_qt\esdk\tools\multistream\x64\release\threadworker.obj
c:\emergent\host-new_qt\esdk\tools\multistream\x64\release\framesaver.obj
c:\emergent\host-new_qt\esdk\tools\multistream\x64\release\framesave.obj
c:\emergent\host-new_qt\esdk\tools\multistream\x64\release\getopt.obj
c:\emergent\host-new_qt\esdk\x64\release\multistream.exe
c:\emergent\host-new_qt\esdk\x64\release\multistream.pdb
c:\emergent\host-new_qt\esdk\tools\multistream\x64\release\multistream.ipdb
c:\emergent\host-new_qt\esdk\tools\multistream\x64\release\multistream.iobj
c:\emergent\host-new_qt\esdk\tools\multistream\x64\release\multistream.tlog\cl.command.1.tlog
c:\emergent\host-new_qt\esdk\tools\multistream\x64\release\multistream.tlog\cl.items.tlog
c:\emergent\host-new_qt\esdk\tools\multistream\x64\release\multistream.tlog\cl.read.1.tlog
c:\emergent\host-new_qt\esdk\tools\multistream\x64\release\multistream.tlog\cl.write.1.tlog
c:\emergent\host-new_qt\esdk\tools\multistream\x64\release\multistream.tlog\link.command.1.tlog
c:\emergent\host-new_qt\esdk\tools\multistream\x64\release\multistream.tlog\link.read.1.tlog
c:\emergent\host-new_qt\esdk\tools\multistream\x64\release\multistream.tlog\link.secondary.1.tlog
c:\emergent\host-new_qt\esdk\tools\multistream\x64\release\multistream.tlog\link.write.1.tlog
